Determining if the pthread_create exist failed with the following output:
Change Dir: /home/dave/Documents/git/programming-math/programming/cpp/open-gl/learnopengldotcom/1-HelloWindow/build/CMakeFiles/CMakeTmp

Run Build Command:"/usr/bin/make" "cmTC_0487b/fast"
/usr/bin/make -f CMakeFiles/cmTC_0487b.dir/build.make CMakeFiles/cmTC_0487b.dir/build
make[1]: Entering directory '/home/dave/Documents/git/programming-math/programming/cpp/open-gl/learnopengldotcom/1-HelloWindow/build/CMakeFiles/CMakeTmp'
Building C object CMakeFiles/cmTC_0487b.dir/CheckSymbolExists.c.o
/usr/bin/cc     -o CMakeFiles/cmTC_0487b.dir/CheckSymbolExists.c.o   -c /home/dave/Documents/git/programming-math/programming/cpp/open-gl/learnopengldotcom/1-HelloWindow/build/CMakeFiles/CMakeTmp/CheckSymbolExists.c
Linking C executable cmTC_0487b
/usr/bin/cmake -E cmake_link_script CMakeFiles/cmTC_0487b.dir/link.txt --verbose=1
/usr/bin/cc       CMakeFiles/cmTC_0487b.dir/CheckSymbolExists.c.o  -o cmTC_0487b -rdynamic 
CMakeFiles/cmTC_0487b.dir/CheckSymbolExists.c.o: In function `main':
CheckSymbolExists.c:(.text+0x16): undefined reference to `pthread_create'
collect2: error: ld returned 1 exit status
CMakeFiles/cmTC_0487b.dir/build.make:97: recipe for target 'cmTC_0487b' failed
make[1]: *** [cmTC_0487b] Error 1
make[1]: Leaving directory '/home/dave/Documents/git/programming-math/programming/cpp/open-gl/learnopengldotcom/1-HelloWindow/build/CMakeFiles/CMakeTmp'
Makefile:126: recipe for target 'cmTC_0487b/fast' failed
make: *** [cmTC_0487b/fast] Error 2

File /home/dave/Documents/git/programming-math/programming/cpp/open-gl/learnopengldotcom/1-HelloWindow/build/CMakeFiles/CMakeTmp/CheckSymbolExists.c:
/* */
#include <pthread.h>

int main(int argc, char** argv)
{
  (void)argv;
#ifndef pthread_create
  return ((int*)(&pthread_create))[argc];
#else
  (void)argc;
  return 0;
#endif
}

Determining if the function pthread_create exists in the pthreads failed with the following output:
Change Dir: /home/dave/Documents/git/programming-math/programming/cpp/open-gl/learnopengldotcom/1-HelloWindow/build/CMakeFiles/CMakeTmp

Run Build Command:"/usr/bin/make" "cmTC_baa7c/fast"
/usr/bin/make -f CMakeFiles/cmTC_baa7c.dir/build.make CMakeFiles/cmTC_baa7c.dir/build
make[1]: Entering directory '/home/dave/Documents/git/programming-math/programming/cpp/open-gl/learnopengldotcom/1-HelloWindow/build/CMakeFiles/CMakeTmp'
Building C object CMakeFiles/cmTC_baa7c.dir/CheckFunctionExists.c.o
/usr/bin/cc    -DCHECK_FUNCTION_EXISTS=pthread_create   -o CMakeFiles/cmTC_baa7c.dir/CheckFunctionExists.c.o   -c /usr/share/cmake-3.5/Modules/CheckFunctionExists.c
Linking C executable cmTC_baa7c
/usr/bin/cmake -E cmake_link_script CMakeFiles/cmTC_baa7c.dir/link.txt --verbose=1
/usr/bin/cc   -DCHECK_FUNCTION_EXISTS=pthread_create    CMakeFiles/cmTC_baa7c.dir/CheckFunctionExists.c.o  -o cmTC_baa7c -rdynamic -lpthreads 
/usr/bin/ld: cannot find -lpthreads
collect2: error: ld returned 1 exit status
CMakeFiles/cmTC_baa7c.dir/build.make:97: recipe for target 'cmTC_baa7c' failed
make[1]: *** [cmTC_baa7c] Error 1
make[1]: Leaving directory '/home/dave/Documents/git/programming-math/programming/cpp/open-gl/learnopengldotcom/1-HelloWindow/build/CMakeFiles/CMakeTmp'
Makefile:126: recipe for target 'cmTC_baa7c/fast' failed
make: *** [cmTC_baa7c/fast] Error 2


