Determining if the pthread_create exist failed with the following output:
Change Dir: /home/dave/Documents/git/programming-math/programming/cpp/open-gl/learnopengldotcom/3-Shaders/build/CMakeFiles/CMakeTmp

Run Build Command:"/usr/bin/make" "cmTC_718fc/fast"
/usr/bin/make -f CMakeFiles/cmTC_718fc.dir/build.make CMakeFiles/cmTC_718fc.dir/build
make[1]: Entering directory '/home/dave/Documents/git/programming-math/programming/cpp/open-gl/learnopengldotcom/3-Shaders/build/CMakeFiles/CMakeTmp'
Building C object CMakeFiles/cmTC_718fc.dir/CheckSymbolExists.c.o
/usr/bin/cc     -o CMakeFiles/cmTC_718fc.dir/CheckSymbolExists.c.o   -c /home/dave/Documents/git/programming-math/programming/cpp/open-gl/learnopengldotcom/3-Shaders/build/CMakeFiles/CMakeTmp/CheckSymbolExists.c
Linking C executable cmTC_718fc
/usr/bin/cmake -E cmake_link_script CMakeFiles/cmTC_718fc.dir/link.txt --verbose=1
/usr/bin/cc       CMakeFiles/cmTC_718fc.dir/CheckSymbolExists.c.o  -o cmTC_718fc -rdynamic 
CMakeFiles/cmTC_718fc.dir/CheckSymbolExists.c.o: In function `main':
CheckSymbolExists.c:(.text+0x16): undefined reference to `pthread_create'
collect2: error: ld returned 1 exit status
CMakeFiles/cmTC_718fc.dir/build.make:97: recipe for target 'cmTC_718fc' failed
make[1]: *** [cmTC_718fc] Error 1
make[1]: Leaving directory '/home/dave/Documents/git/programming-math/programming/cpp/open-gl/learnopengldotcom/3-Shaders/build/CMakeFiles/CMakeTmp'
Makefile:126: recipe for target 'cmTC_718fc/fast' failed
make: *** [cmTC_718fc/fast] Error 2

File /home/dave/Documents/git/programming-math/programming/cpp/open-gl/learnopengldotcom/3-Shaders/build/CMakeFiles/CMakeTmp/CheckSymbolExists.c:
/* */
#include <pthread.h>

int main(int argc, char** argv)
{
  (void)argv;
#ifndef pthread_create
  return ((int*)(&pthread_create))[argc];
#else
  (void)argc;
  return 0;
#endif
}

Determining if the function pthread_create exists in the pthreads failed with the following output:
Change Dir: /home/dave/Documents/git/programming-math/programming/cpp/open-gl/learnopengldotcom/3-Shaders/build/CMakeFiles/CMakeTmp

Run Build Command:"/usr/bin/make" "cmTC_f8559/fast"
/usr/bin/make -f CMakeFiles/cmTC_f8559.dir/build.make CMakeFiles/cmTC_f8559.dir/build
make[1]: Entering directory '/home/dave/Documents/git/programming-math/programming/cpp/open-gl/learnopengldotcom/3-Shaders/build/CMakeFiles/CMakeTmp'
Building C object CMakeFiles/cmTC_f8559.dir/CheckFunctionExists.c.o
/usr/bin/cc    -DCHECK_FUNCTION_EXISTS=pthread_create   -o CMakeFiles/cmTC_f8559.dir/CheckFunctionExists.c.o   -c /usr/share/cmake-3.5/Modules/CheckFunctionExists.c
Linking C executable cmTC_f8559
/usr/bin/cmake -E cmake_link_script CMakeFiles/cmTC_f8559.dir/link.txt --verbose=1
/usr/bin/cc   -DCHECK_FUNCTION_EXISTS=pthread_create    CMakeFiles/cmTC_f8559.dir/CheckFunctionExists.c.o  -o cmTC_f8559 -rdynamic -lpthreads 
/usr/bin/ld: cannot find -lpthreads
collect2: error: ld returned 1 exit status
CMakeFiles/cmTC_f8559.dir/build.make:97: recipe for target 'cmTC_f8559' failed
make[1]: *** [cmTC_f8559] Error 1
make[1]: Leaving directory '/home/dave/Documents/git/programming-math/programming/cpp/open-gl/learnopengldotcom/3-Shaders/build/CMakeFiles/CMakeTmp'
Makefile:126: recipe for target 'cmTC_f8559/fast' failed
make: *** [cmTC_f8559/fast] Error 2


